<?xml version="1.0" encoding="utf-8"?>
<TestRun id="4ff15f05-7b36-4c8b-98c5-8c366a726bfa" name="EliteDesk@DESKTOP-OKE7B4H 2022-11-01 10:45:08" runUser="DESKTOP-OKE7B4H\EliteDesk" xmlns="http://microsoft.com/schemas/VisualStudio/TeamTest/2010">
  <Times creation="2022-11-01T10:45:08.6290308+00:00" queuing="2022-11-01T10:45:08.6290311+00:00" start="2022-11-01T10:45:06.5140688+00:00" finish="2022-11-01T10:45:11.3496711+00:00" />
  <TestSettings name="default" id="f8b5a024-1d36-40ac-a073-a5d731bb30ef">
    <Deployment runDeploymentRoot="EliteDesk_DESKTOP-OKE7B4H_2022-11-01_10_45_08" />
  </TestSettings>
  <Results>
    <UnitTestResult executionId="fe5f3d61-f235-495d-a509-bf50e81010b6" testId="6619dcbe-20fb-4018-bc75-1b78acc70994" testName="2 and 2" computerName="DESKTOP-OKE7B4H" duration="00:00:00.0000492" startTime="2022-11-01T10:45:07.2456521+00:00" endTime="2022-11-01T10:45:07.2517465+00:00" testType="13cdc9d9-ddb5-4fa4-a97d-d965ccfc6d4b" outcome="Passed" testListId="8c84fa94-04c1-424b-9868-57a2d4851a1d" relativeResultsDirectory="fe5f3d61-f235-495d-a509-bf50e81010b6">
      <Output>
        <StdOut>TestContext Messages:
TestInitialize() method called...&#xD;
TestCleanup() method ...</StdOut>
      </Output>
    </UnitTestResult>
    <UnitTestResult executionId="18827b52-4543-42a9-996f-a4bc6ef5d470" testId="5b27e4fa-822c-404e-8cb3-3f2f9f6ec5e5" testName="ContainsTest" computerName="DESKTOP-OKE7B4H" duration="00:00:00.0002411" startTime="2022-11-01T10:45:11.2703120+00:00" endTime="2022-11-01T10:45:11.2706435+00:00" testType="13cdc9d9-ddb5-4fa4-a97d-d965ccfc6d4b" outcome="Passed" testListId="8c84fa94-04c1-424b-9868-57a2d4851a1d" relativeResultsDirectory="18827b52-4543-42a9-996f-a4bc6ef5d470" />
    <UnitTestResult executionId="cdfce3ba-3b44-43c8-aefe-4eac3ad40611" testId="218007ff-9286-4921-b5ae-3b086e5bf0b9" testName="AreEqualTest" computerName="DESKTOP-OKE7B4H" duration="00:00:00.0005664" startTime="2022-11-01T10:45:07.2377607+00:00" endTime="2022-11-01T10:45:07.2384440+00:00" testType="13cdc9d9-ddb5-4fa4-a97d-d965ccfc6d4b" outcome="Passed" testListId="8c84fa94-04c1-424b-9868-57a2d4851a1d" relativeResultsDirectory="cdfce3ba-3b44-43c8-aefe-4eac3ad40611">
      <Output>
        <StdOut>TestContext Messages:
TestInitialize() method called...&#xD;
TestCleanup() method ...</StdOut>
      </Output>
    </UnitTestResult>
    <UnitTestResult executionId="dbd5a632-c39c-4cf8-be76-f5f4f02f4498" testId="f7d5d82b-6bc4-4233-bcf3-fa9bc33fdc61" testName="FileNameDoesNotExist" computerName="DESKTOP-OKE7B4H" duration="00:00:00.0004621" startTime="2022-11-01T10:45:11.2643162+00:00" endTime="2022-11-01T10:45:11.2648752+00:00" testType="13cdc9d9-ddb5-4fa4-a97d-d965ccfc6d4b" outcome="Passed" testListId="8c84fa94-04c1-424b-9868-57a2d4851a1d" relativeResultsDirectory="dbd5a632-c39c-4cf8-be76-f5f4f02f4498">
      <Output>
        <StdOut>TestContext Messages:
TestInitialize() method called...&#xD;
Test Description: Check to see if a file does not exist&#xD;
Checking File C:\Windows\Regedit.exeTestCleanup() method ...</StdOut>
      </Output>
    </UnitTestResult>
    <UnitTestResult executionId="688262ce-a12c-472e-829c-1098c5321b33" testId="928aa985-ca73-c448-5d8b-b6e6f1f3a744" testName="FileNameDoesExist" computerName="DESKTOP-OKE7B4H" startTime="2022-11-01T10:45:11.2636314+00:00" endTime="2022-11-01T10:45:11.2642704+00:00" testType="13cdc9d9-ddb5-4fa4-a97d-d965ccfc6d4b" outcome="NotExecuted" testListId="8c84fa94-04c1-424b-9868-57a2d4851a1d" relativeResultsDirectory="688262ce-a12c-472e-829c-1098c5321b33">
      <Output></Output>
    </UnitTestResult>
    <UnitTestResult executionId="00f2e2df-6aba-4b63-90a9-7bc522f229b5" testId="38a019b7-4808-4bf7-8a0f-d089b05fbfbd" testName="FileNameNullOrEmpty_UsingAttribute" computerName="DESKTOP-OKE7B4H" duration="00:00:00.0018868" startTime="2022-11-01T10:45:11.2649171+00:00" endTime="2022-11-01T10:45:11.2669300+00:00" testType="13cdc9d9-ddb5-4fa4-a97d-d965ccfc6d4b" outcome="Passed" testListId="8c84fa94-04c1-424b-9868-57a2d4851a1d" relativeResultsDirectory="00f2e2df-6aba-4b63-90a9-7bc522f229b5">
      <Output>
        <StdOut>TestContext Messages:
TestInitialize() method called...&#xD;
Test Description: Check to see if a filename is null via attributes&#xD;
Checking for a null file via [ExpectedException] attributeTestCleanup() method ...</StdOut>
      </Output>
    </UnitTestResult>
    <UnitTestResult executionId="8f73784a-5aae-4ee1-89ae-ac655283fdb9" testId="f8edf421-53ff-4591-b266-fe5076e28690" testName="AreSameTest" computerName="DESKTOP-OKE7B4H" duration="00:00:00.0066891" startTime="2022-11-01T10:45:07.2036140+00:00" endTime="2022-11-01T10:45:07.2289333+00:00" testType="13cdc9d9-ddb5-4fa4-a97d-d965ccfc6d4b" outcome="Passed" testListId="8c84fa94-04c1-424b-9868-57a2d4851a1d" relativeResultsDirectory="8f73784a-5aae-4ee1-89ae-ac655283fdb9">
      <Output>
        <StdOut>TestContext Messages:
In AssemblyInitialize() method...&#xD;
In ClassInitialize() method&#xD;
TestInitialize() method called...&#xD;
TestCleanup() method ...</StdOut>
      </Output>
    </UnitTestResult>
    <UnitTestResult executionId="aab169c7-eefa-44fd-be01-f66e62e32235" testId="7a852532-91fc-4427-8dbb-2a05d607f8e1" testName="FileNameNullOrEmpty_TryCatch" computerName="DESKTOP-OKE7B4H" duration="00:00:00.0001790" startTime="2022-11-01T10:45:11.2669820+00:00" endTime="2022-11-01T10:45:11.2672590+00:00" testType="13cdc9d9-ddb5-4fa4-a97d-d965ccfc6d4b" outcome="Passed" testListId="8c84fa94-04c1-424b-9868-57a2d4851a1d" relativeResultsDirectory="aab169c7-eefa-44fd-be01-f66e62e32235">
      <Output>
        <StdOut>TestContext Messages:
TestInitialize() method called...&#xD;
Test Description: Check to see if a filename is null via try-catch&#xD;
Checking for a null file via TryCatch blockTestCleanup() method ...</StdOut>
      </Output>
    </UnitTestResult>
    <UnitTestResult executionId="024b17fe-f073-40da-bbc5-4e8611920c0a" testId="2832cdfc-51f3-43cd-8a0d-8f32ce023216" testName="IsAllLowerCaseTest" computerName="DESKTOP-OKE7B4H" duration="00:00:00.0024203" startTime="2022-11-01T10:45:11.2672847+00:00" endTime="2022-11-01T10:45:11.2698918+00:00" testType="13cdc9d9-ddb5-4fa4-a97d-d965ccfc6d4b" outcome="Passed" testListId="8c84fa94-04c1-424b-9868-57a2d4851a1d" relativeResultsDirectory="024b17fe-f073-40da-bbc5-4e8611920c0a" />
    <UnitTestResult executionId="80facb78-80b4-45ef-9fdc-c4711000b880" testId="3fbf5dd5-afb7-4845-9937-70afc41280b7" testName="StartsWithTest" computerName="DESKTOP-OKE7B4H" duration="00:00:00.0003011" startTime="2022-11-01T10:45:11.2699204+00:00" endTime="2022-11-01T10:45:11.2702902+00:00" testType="13cdc9d9-ddb5-4fa4-a97d-d965ccfc6d4b" outcome="Passed" testListId="8c84fa94-04c1-424b-9868-57a2d4851a1d" relativeResultsDirectory="80facb78-80b4-45ef-9fdc-c4711000b880" />
    <UnitTestResult executionId="8bd42b3f-c21a-48fe-8848-fc4e54569e15" testId="c4b9d97e-395a-411e-bcc7-1ef59b5fd6a9" testName="FileNameDoesExistSimpleMessage" computerName="DESKTOP-OKE7B4H" duration="00:00:00.0003745" startTime="2022-11-01T10:45:07.2384919+00:00" endTime="2022-11-01T10:45:07.2392660+00:00" testType="13cdc9d9-ddb5-4fa4-a97d-d965ccfc6d4b" outcome="Passed" testListId="8c84fa94-04c1-424b-9868-57a2d4851a1d" relativeResultsDirectory="8bd42b3f-c21a-48fe-8848-fc4e54569e15">
      <Output>
        <StdOut>TestContext Messages:
TestInitialize() method called...&#xD;
TestCleanup() method ...</StdOut>
      </Output>
    </UnitTestResult>
    <UnitTestResult executionId="e1d801a3-a9c8-4dc8-82fb-0600f3df41d9" testId="a5eec3da-29a1-41d3-a56f-2deab4b8a48d" testName="SimulateTimeout" computerName="DESKTOP-OKE7B4H" duration="00:00:04.0109905" startTime="2022-11-01T10:45:07.2518139+00:00" endTime="2022-11-01T10:45:11.2629880+00:00" testType="13cdc9d9-ddb5-4fa4-a97d-d965ccfc6d4b" outcome="Passed" testListId="8c84fa94-04c1-424b-9868-57a2d4851a1d" relativeResultsDirectory="e1d801a3-a9c8-4dc8-82fb-0600f3df41d9">
      <Output>
        <StdOut>TestContext Messages:
TestInitialize() method called...&#xD;
TestCleanup() method ...</StdOut>
      </Output>
    </UnitTestResult>
    <UnitTestResult executionId="3ac3abee-9c06-48c7-a88e-ef31c1e5dbfb" testId="d0beacd8-445b-405f-b156-72cd19497665" testName="1 and 1" computerName="DESKTOP-OKE7B4H" duration="00:00:00.0004340" startTime="2022-11-01T10:45:07.2448885+00:00" endTime="2022-11-01T10:45:07.2456250+00:00" testType="13cdc9d9-ddb5-4fa4-a97d-d965ccfc6d4b" outcome="Passed" testListId="8c84fa94-04c1-424b-9868-57a2d4851a1d" relativeResultsDirectory="3ac3abee-9c06-48c7-a88e-ef31c1e5dbfb">
      <Output>
        <StdOut>TestContext Messages:
TestInitialize() method called...&#xD;
TestCleanup() method ...</StdOut>
      </Output>
    </UnitTestResult>
    <UnitTestResult executionId="09f5205c-f9d9-4f76-bc67-1e5e3ff6886a" testId="c2235e64-b979-4297-b82f-c899da5521a8" testName="Check if FileToDeploy.txt exist" computerName="DESKTOP-OKE7B4H" duration="00:00:00.0003802" startTime="2022-11-01T10:45:07.2392926+00:00" endTime="2022-11-01T10:45:07.2448455+00:00" testType="13cdc9d9-ddb5-4fa4-a97d-d965ccfc6d4b" outcome="Passed" testListId="8c84fa94-04c1-424b-9868-57a2d4851a1d" relativeResultsDirectory="09f5205c-f9d9-4f76-bc67-1e5e3ff6886a">
      <Output>
        <StdOut>TestContext Messages:
In ClassInitialize() method&#xD;
TestInitialize() method called...&#xD;
TestCleanup() method ...</StdOut>
      </Output>
    </UnitTestResult>
  </Results>
  <TestDefinitions>
    <UnitTest name="FileNameDoesExistSimpleMessage" storage="c:\projects\myclasses\myclassestest\bin\debug\net6.0\myclassestest.dll" id="c4b9d97e-395a-411e-bcc7-1ef59b5fd6a9">
      <Execution id="8bd42b3f-c21a-48fe-8848-fc4e54569e15" />
      <TestMethod codeBase="C:\projects\MyClasses\MyClassesTest\bin\Debug\net6.0\MyClassesTest.dll" adapterTypeName="executor://mstestadapter/v2" className="MyClassesTest.FileProcessOtherTest" name="FileNameDoesExistSimpleMessage" />
    </UnitTest>
    <UnitTest name="2 and 2" storage="c:\projects\myclasses\myclassestest\bin\debug\net6.0\myclassestest.dll" id="6619dcbe-20fb-4018-bc75-1b78acc70994">
      <Execution id="fe5f3d61-f235-495d-a509-bf50e81010b6" />
      <TestMethod codeBase="C:\projects\MyClasses\MyClassesTest\bin\Debug\net6.0\MyClassesTest.dll" adapterTypeName="executor://mstestadapter/v2" className="MyClassesTest.FileProcessTest" name="AreNumbersEqual" />
    </UnitTest>
    <UnitTest name="IsAllLowerCaseTest" storage="c:\projects\myclasses\myclassestest\bin\debug\net6.0\myclassestest.dll" id="2832cdfc-51f3-43cd-8a0d-8f32ce023216">
      <Execution id="024b17fe-f073-40da-bbc5-4e8611920c0a" />
      <TestMethod codeBase="C:\projects\MyClasses\MyClassesTest\bin\Debug\net6.0\MyClassesTest.dll" adapterTypeName="executor://mstestadapter/v2" className="MyClassesTest.StringAssertClassTest" name="IsAllLowerCaseTest" />
    </UnitTest>
    <UnitTest name="SimulateTimeout" storage="c:\projects\myclasses\myclassestest\bin\debug\net6.0\myclassestest.dll" id="a5eec3da-29a1-41d3-a56f-2deab4b8a48d">
      <Execution id="e1d801a3-a9c8-4dc8-82fb-0600f3df41d9" />
      <TestMethod codeBase="C:\projects\MyClasses\MyClassesTest\bin\Debug\net6.0\MyClassesTest.dll" adapterTypeName="executor://mstestadapter/v2" className="MyClassesTest.FileProcessTest" name="SimulateTimeout" />
    </UnitTest>
    <UnitTest name="FileNameDoesExist" storage="c:\projects\myclasses\myclassestest\bin\debug\net6.0\myclassestest.dll" priority="1" id="928aa985-ca73-c448-5d8b-b6e6f1f3a744">
      <Owners>
        <Owner name="BenWhite" />
      </Owners>
      <TestCategory>
        <TestCategoryItem TestCategory="NoException" />
      </TestCategory>
      <Execution id="688262ce-a12c-472e-829c-1098c5321b33" />
      <TestMethod codeBase="C:\projects\MyClasses\MyClassesTest\bin\Debug\net6.0\MyClassesTest.dll" adapterTypeName="executor://mstestadapter/v2" className="MyClassesTest.FileProcessTest" name="FileNameDoesExist" />
    </UnitTest>
    <UnitTest name="StartsWithTest" storage="c:\projects\myclasses\myclassestest\bin\debug\net6.0\myclassestest.dll" id="3fbf5dd5-afb7-4845-9937-70afc41280b7">
      <Execution id="80facb78-80b4-45ef-9fdc-c4711000b880" />
      <TestMethod codeBase="C:\projects\MyClasses\MyClassesTest\bin\Debug\net6.0\MyClassesTest.dll" adapterTypeName="executor://mstestadapter/v2" className="MyClassesTest.StringAssertClassTest" name="StartsWithTest" />
    </UnitTest>
    <UnitTest name="FileNameDoesNotExist" storage="c:\projects\myclasses\myclassestest\bin\debug\net6.0\myclassestest.dll" id="f7d5d82b-6bc4-4233-bcf3-fa9bc33fdc61">
      <Owners>
        <Owner name="Dan" />
      </Owners>
      <Execution id="dbd5a632-c39c-4cf8-be76-f5f4f02f4498" />
      <TestMethod codeBase="C:\projects\MyClasses\MyClassesTest\bin\Debug\net6.0\MyClassesTest.dll" adapterTypeName="executor://mstestadapter/v2" className="MyClassesTest.FileProcessTest" name="FileNameDoesNotExist" />
    </UnitTest>
    <UnitTest name="FileNameNullOrEmpty_TryCatch" storage="c:\projects\myclasses\myclassestest\bin\debug\net6.0\myclassestest.dll" id="7a852532-91fc-4427-8dbb-2a05d607f8e1">
      <Owners>
        <Owner name="Dan" />
      </Owners>
      <Execution id="aab169c7-eefa-44fd-be01-f66e62e32235" />
      <TestMethod codeBase="C:\projects\MyClasses\MyClassesTest\bin\Debug\net6.0\MyClassesTest.dll" adapterTypeName="executor://mstestadapter/v2" className="MyClassesTest.FileProcessTest" name="FileNameNullOrEmpty_TryCatch" />
    </UnitTest>
    <UnitTest name="AreSameTest" storage="c:\projects\myclasses\myclassestest\bin\debug\net6.0\myclassestest.dll" id="f8edf421-53ff-4591-b266-fe5076e28690">
      <Execution id="8f73784a-5aae-4ee1-89ae-ac655283fdb9" />
      <TestMethod codeBase="C:\projects\MyClasses\MyClassesTest\bin\Debug\net6.0\MyClassesTest.dll" adapterTypeName="executor://mstestadapter/v2" className="MyClassesTest.FileProcessOtherTest" name="AreSameTest" />
    </UnitTest>
    <UnitTest name="FileNameNullOrEmpty_UsingAttribute" storage="c:\projects\myclasses\myclassestest\bin\debug\net6.0\myclassestest.dll" id="38a019b7-4808-4bf7-8a0f-d089b05fbfbd">
      <Owners>
        <Owner name="BenWhite" />
      </Owners>
      <Execution id="00f2e2df-6aba-4b63-90a9-7bc522f229b5" />
      <TestMethod codeBase="C:\projects\MyClasses\MyClassesTest\bin\Debug\net6.0\MyClassesTest.dll" adapterTypeName="executor://mstestadapter/v2" className="MyClassesTest.FileProcessTest" name="FileNameNullOrEmpty_UsingAttribute" />
    </UnitTest>
    <UnitTest name="1 and 1" storage="c:\projects\myclasses\myclassestest\bin\debug\net6.0\myclassestest.dll" id="d0beacd8-445b-405f-b156-72cd19497665">
      <Execution id="3ac3abee-9c06-48c7-a88e-ef31c1e5dbfb" />
      <TestMethod codeBase="C:\projects\MyClasses\MyClassesTest\bin\Debug\net6.0\MyClassesTest.dll" adapterTypeName="executor://mstestadapter/v2" className="MyClassesTest.FileProcessTest" name="AreNumbersEqual" />
    </UnitTest>
    <UnitTest name="AreEqualTest" storage="c:\projects\myclasses\myclassestest\bin\debug\net6.0\myclassestest.dll" id="218007ff-9286-4921-b5ae-3b086e5bf0b9">
      <Execution id="cdfce3ba-3b44-43c8-aefe-4eac3ad40611" />
      <TestMethod codeBase="C:\projects\MyClasses\MyClassesTest\bin\Debug\net6.0\MyClassesTest.dll" adapterTypeName="executor://mstestadapter/v2" className="MyClassesTest.FileProcessOtherTest" name="AreEqualTest" />
    </UnitTest>
    <UnitTest name="ContainsTest" storage="c:\projects\myclasses\myclassestest\bin\debug\net6.0\myclassestest.dll" id="5b27e4fa-822c-404e-8cb3-3f2f9f6ec5e5">
      <Execution id="18827b52-4543-42a9-996f-a4bc6ef5d470" />
      <TestMethod codeBase="C:\projects\MyClasses\MyClassesTest\bin\Debug\net6.0\MyClassesTest.dll" adapterTypeName="executor://mstestadapter/v2" className="MyClassesTest.StringAssertClassTest" name="ContainsTest" />
    </UnitTest>
    <UnitTest name="Check if FileToDeploy.txt exist" storage="c:\projects\myclasses\myclassestest\bin\debug\net6.0\myclassestest.dll" id="c2235e64-b979-4297-b82f-c899da5521a8">
      <Execution id="09f5205c-f9d9-4f76-bc67-1e5e3ff6886a" />
      <TestMethod codeBase="C:\projects\MyClasses\MyClassesTest\bin\Debug\net6.0\MyClassesTest.dll" adapterTypeName="executor://mstestadapter/v2" className="MyClassesTest.FileProcessTest" name="CheckFileExist" />
    </UnitTest>
  </TestDefinitions>
  <TestEntries>
    <TestEntry testId="6619dcbe-20fb-4018-bc75-1b78acc70994" executionId="fe5f3d61-f235-495d-a509-bf50e81010b6" testListId="8c84fa94-04c1-424b-9868-57a2d4851a1d" />
    <TestEntry testId="5b27e4fa-822c-404e-8cb3-3f2f9f6ec5e5" executionId="18827b52-4543-42a9-996f-a4bc6ef5d470" testListId="8c84fa94-04c1-424b-9868-57a2d4851a1d" />
    <TestEntry testId="218007ff-9286-4921-b5ae-3b086e5bf0b9" executionId="cdfce3ba-3b44-43c8-aefe-4eac3ad40611" testListId="8c84fa94-04c1-424b-9868-57a2d4851a1d" />
    <TestEntry testId="f7d5d82b-6bc4-4233-bcf3-fa9bc33fdc61" executionId="dbd5a632-c39c-4cf8-be76-f5f4f02f4498" testListId="8c84fa94-04c1-424b-9868-57a2d4851a1d" />
    <TestEntry testId="928aa985-ca73-c448-5d8b-b6e6f1f3a744" executionId="688262ce-a12c-472e-829c-1098c5321b33" testListId="8c84fa94-04c1-424b-9868-57a2d4851a1d" />
    <TestEntry testId="38a019b7-4808-4bf7-8a0f-d089b05fbfbd" executionId="00f2e2df-6aba-4b63-90a9-7bc522f229b5" testListId="8c84fa94-04c1-424b-9868-57a2d4851a1d" />
    <TestEntry testId="f8edf421-53ff-4591-b266-fe5076e28690" executionId="8f73784a-5aae-4ee1-89ae-ac655283fdb9" testListId="8c84fa94-04c1-424b-9868-57a2d4851a1d" />
    <TestEntry testId="7a852532-91fc-4427-8dbb-2a05d607f8e1" executionId="aab169c7-eefa-44fd-be01-f66e62e32235" testListId="8c84fa94-04c1-424b-9868-57a2d4851a1d" />
    <TestEntry testId="2832cdfc-51f3-43cd-8a0d-8f32ce023216" executionId="024b17fe-f073-40da-bbc5-4e8611920c0a" testListId="8c84fa94-04c1-424b-9868-57a2d4851a1d" />
    <TestEntry testId="3fbf5dd5-afb7-4845-9937-70afc41280b7" executionId="80facb78-80b4-45ef-9fdc-c4711000b880" testListId="8c84fa94-04c1-424b-9868-57a2d4851a1d" />
    <TestEntry testId="c4b9d97e-395a-411e-bcc7-1ef59b5fd6a9" executionId="8bd42b3f-c21a-48fe-8848-fc4e54569e15" testListId="8c84fa94-04c1-424b-9868-57a2d4851a1d" />
    <TestEntry testId="a5eec3da-29a1-41d3-a56f-2deab4b8a48d" executionId="e1d801a3-a9c8-4dc8-82fb-0600f3df41d9" testListId="8c84fa94-04c1-424b-9868-57a2d4851a1d" />
    <TestEntry testId="d0beacd8-445b-405f-b156-72cd19497665" executionId="3ac3abee-9c06-48c7-a88e-ef31c1e5dbfb" testListId="8c84fa94-04c1-424b-9868-57a2d4851a1d" />
    <TestEntry testId="c2235e64-b979-4297-b82f-c899da5521a8" executionId="09f5205c-f9d9-4f76-bc67-1e5e3ff6886a" testListId="8c84fa94-04c1-424b-9868-57a2d4851a1d" />
  </TestEntries>
  <TestLists>
    <TestList name="Results Not in a List" id="8c84fa94-04c1-424b-9868-57a2d4851a1d" />
    <TestList name="All Loaded Results" id="19431567-8539-422a-85d7-44ee4e166bda" />
  </TestLists>
  <ResultSummary outcome="Completed">
    <Counters total="14" executed="13" passed="13" failed="0" error="0" timeout="0" aborted="0" inconclusive="0" passedButRunAborted="0" notRunnable="0" notExecuted="0" disconnected="0" warning="0" completed="0" inProgress="0" pending="0" />
    <Output>
      <StdOut>Cleaning up assembly...&#xD;
&#xD;
Test 'FileNameDoesExist' was skipped in the test run.&#xD;
</StdOut>
    </Output>
    <RunInfos>
      <RunInfo computerName="DESKTOP-OKE7B4H" outcome="Warning" timestamp="2022-11-01T10:45:07.1930923+00:00">
        <Text>Test Run deployment issue: Failed to copy file 'C:\projects\MyClasses\MyClassesTest\bin\Debug\net6.0\FileToDeploy.txt' to 'C:\projects\MyClasses\MyClassesTest\bin\Debug\net6.0\FileToDeploy.txt': System.IO.IOException: The process cannot access the file 'C:\projects\MyClasses\MyClassesTest\bin\Debug\net6.0\FileToDeploy.txt' because it is being used by another process.</Text>
      </RunInfo>
    </RunInfos>
  </ResultSummary>
</TestRun>